Flutter crash report.
Please report a bug at https://github.com/flutter/flutter/issues.

## command

flutter pub add file_picker

## exception

FileSystemException: FileSystemException: Cannot create link, path = 'F:\Programiranje\OSEBNI_PROJEKTI\challange_hollic_mobile_app\windows\flutter\ephemeral\.plugin_symlinks\path_provider_windows' (OS Error: Incorrect function.
, errno = 1)

```
#0      _Link.throwIfError (dart:io/link.dart:263:7)
#1      _Link.createSync (dart:io/link.dart:184:5)
#2      ForwardingLink.createSync (package:file/src/forwarding/forwarding_link.dart:20:16)
#3      ForwardingLink.createSync (package:file/src/forwarding/forwarding_link.dart:20:16)
#4      _createPlatformPluginSymlinks (package:flutter_tools/src/flutter_plugins.dart:1057:12)
#5      createPluginSymlinks (package:flutter_tools/src/flutter_plugins.dart:987:5)
#6      refreshPluginsList (package:flutter_tools/src/flutter_plugins.dart:1089:5)
<asynchronous suspension>
#7      FlutterProject.ensureReadyForPlatformSpecificTooling (package:flutter_tools/src/project.dart:350:5)
<asynchronous suspension>
#8      PackagesInteractiveGetCommand.runCommand (package:flutter_tools/src/commands/packages.dart:355:5)
<asynchronous suspension>
#9      FlutterCommand.run.<anonymous closure> (package:flutter_tools/src/runner/flutter_command.dart:1209:27)
<asynchronous suspension>
#10     AppContext.run.<anonymous closure> (package:flutter_tools/src/base/context.dart:150:19)
<asynchronous suspension>
#11     CommandRunner.runCommand (package:args/command_runner.dart:209:13)
<asynchronous suspension>
#12     FlutterCommandRunner.runCommand.<anonymous closure> (package:flutter_tools/src/runner/flutter_command_runner.dart:281:9)
<asynchronous suspension>
#13     AppContext.run.<anonymous closure> (package:flutter_tools/src/base/context.dart:150:19)
<asynchronous suspension>
#14     FlutterCommandRunner.runCommand (package:flutter_tools/src/runner/flutter_command_runner.dart:229:5)
<asynchronous suspension>
#15     run.<anonymous closure>.<anonymous closure> (package:flutter_tools/runner.dart:62:9)
<asynchronous suspension>
#16     AppContext.run.<anonymous closure> (package:flutter_tools/src/base/context.dart:150:19)
<asynchronous suspension>
#17     main (package:flutter_tools/executable.dart:91:3)
<asynchronous suspension>
```

## flutter doctor

```
[✓] Flutter (Channel stable, 3.3.10, on Microsoft Windows [Version 10.0.19044.2486], locale en-SI)
    • Flutter version 3.3.10 on channel stable at D:\FLUTTER\flutter_windows_3.3.9-stable\flutter
    • Upstream repository https://github.com/flutter/flutter.git
    • Framework revision 135454af32 (5 weeks ago), 2022-12-15 07:36:55 -0800
    • Engine revision 3316dd8728
    • Dart version 2.18.6
    • DevTools version 2.15.0

[!] Android toolchain - develop for Android devices (Android SDK version 33.0.1)
    • Android SDK at C:\Users\kokol\AppData\Local\Android\sdk
    • Platform android-TiramisuPrivacySandbox, build-tools 33.0.1
    ✗ No Java Development Kit (JDK) found; You must have the environment variable JAVA_HOME set and the java binary in your PATH. You can download
      the JDK from https://www.oracle.com/technetwork/java/javase/downloads/.

[✓] Chrome - develop for the web
    • Chrome at C:\Program Files\Google\Chrome\Application\chrome.exe

[✓] Visual Studio - develop for Windows (Visual Studio Community 2022 17.4.2)
    • Visual Studio at D:\VS2022\Community
    • Visual Studio Community 2022 version 17.4.33122.133
    • Windows 10 SDK version 10.0.22000.0

[!] Android Studio (version 2022.1)
    • Android Studio at D:\JET_BRAINS_TOOLBOX\apps\AndroidStudio\ch-0\221.6008.13.2211.9477386
    • Flutter plugin version 71.2.4
    • Dart plugin version 221.6096
    ✗ Unable to find bundled Java version.
    • Try updating or re-installing Android Studio.

[✓] IntelliJ IDEA Ultimate Edition (version 2022.3)
    • IntelliJ at D:\JET_BRAINS_TOOLBOX\apps\IDEA-U\ch-0\223.8214.52
    • Flutter plugin can be installed from:
      🔨 https://plugins.jetbrains.com/plugin/9212-flutter
    • Dart plugin can be installed from:
      🔨 https://plugins.jetbrains.com/plugin/6351-dart

[✓] VS Code (version 1.74.3)
    • VS Code at C:\Users\kokol\AppData\Local\Programs\Microsoft VS Code
    • Flutter extension version 3.34.0

[✓] Connected device (4 available)
    • sdk gphone64 x86 64 (mobile) • emulator-5554 • android-x64    • Android 13 (API 33) (emulator)
    • Windows (desktop)            • windows       • windows-x64    • Microsoft Windows [Version 10.0.19044.2486]
    • Chrome (web)                 • chrome        • web-javascript • Google Chrome 109.0.5414.75
    • Edge (web)                   • edge          • web-javascript • Microsoft Edge 109.0.1518.55

[✓] HTTP Host Availability
    • All required HTTP hosts are available

! Doctor found issues in 2 categories.
```
